app/build/intermediates/manifest_merge_blame_file/debug/manifest-merger-blame-debug-report.txt
1<?xml version="1.0" encoding="utf-8"?>
2<manifest xmlns:android="http://schemas.android.com/apk/res/android"
3    package="com.google.ads.interactivemedia.v3.samples.videoplayerapp"
4    android:versionCode="1"
5    android:versionName="1.0" >
6
7    <uses-sdk
8        android:minSdkVersion="16"
8-->src/main/AndroidManifest.xml
9        android:targetSdkVersion="29" />
9-->src/main/AndroidManifest.xml
10
11    <!-- Required permissions for the IMA SDK -->
12    <uses-permission android:name="android.permission.INTERNET" />
12-->src/main/AndroidManifest.xml:6:5-66
12-->src/main/AndroidManifest.xml:6:22-64
13    <uses-permission android:name="android.permission.ACCESS_NETWORK_STATE" />
13-->src/main/AndroidManifest.xml:7:5-78
13-->src/main/AndroidManifest.xml:7:22-76
14
15    <!-- This permission is required to start foreground services in Android P. -->
16    <uses-permission android:name="android.permission.FOREGROUND_SERVICE" />
16-->[com.google.android.gms:play-services-cast-framework:18.1.0] AndroidManifest.xml:7:5-77
16-->[com.google.android.gms:play-services-cast-framework:18.1.0] AndroidManifest.xml:7:22-74
17
18    <application
18-->src/main/AndroidManifest.xml:8:5-26:19
19        android:allowBackup="true"
19-->src/main/AndroidManifest.xml:9:9-35
20        android:appComponentFactory="androidx.core.app.CoreComponentFactory"
20-->[androidx.core:core:1.1.0] AndroidManifest.xml:24:18-86
21        android:debuggable="true"
22        android:icon="@drawable/ic_launcher"
22-->src/main/AndroidManifest.xml:10:9-45
23        android:label="@string/app_name"
23-->src/main/AndroidManifest.xml:11:9-41
24        android:networkSecurityConfig="@xml/network_security_config"
24-->src/main/AndroidManifest.xml:13:9-69
25        android:testOnly="true"
26        android:theme="@style/AppTheme" >
26-->src/main/AndroidManifest.xml:12:9-40
27        <meta-data
27-->src/main/AndroidManifest.xml:14:9-16:109
28            android:name="com.google.android.gms.cast.framework.OPTIONS_PROVIDER_CLASS_NAME"
28-->src/main/AndroidManifest.xml:15:13-93
29            android:value="com.google.ads.interactivemedia.v3.samples.videoplayerapp.CastOptionsProvider" />
29-->src/main/AndroidManifest.xml:16:13-106
30
31        <activity
31-->src/main/AndroidManifest.xml:17:9-25:20
32            android:name="com.google.ads.interactivemedia.v3.samples.videoplayerapp.MyActivity"
32-->src/main/AndroidManifest.xml:18:13-39
33            android:configChanges="keyboard|keyboardHidden|orientation|screenLayout|uiMode|screenSize|smallestScreenSize"
33-->src/main/AndroidManifest.xml:20:13-122
34            android:label="@string/app_name" >
34-->src/main/AndroidManifest.xml:19:13-45
35            <intent-filter>
35-->src/main/AndroidManifest.xml:21:13-24:29
36                <action android:name="android.intent.action.MAIN" />
36-->src/main/AndroidManifest.xml:22:17-69
36-->src/main/AndroidManifest.xml:22:25-66
37
38                <category android:name="android.intent.category.LAUNCHER" />
38-->src/main/AndroidManifest.xml:23:17-77
38-->src/main/AndroidManifest.xml:23:27-74
39            </intent-filter>
40        </activity>
41
42        <receiver
42-->[com.google.android.gms:play-services-cast-framework:18.1.0] AndroidManifest.xml:10:9-12:40
43            android:name="com.google.android.gms.cast.framework.media.MediaIntentReceiver"
43-->[com.google.android.gms:play-services-cast-framework:18.1.0] AndroidManifest.xml:11:13-91
44            android:exported="false" />
44-->[com.google.android.gms:play-services-cast-framework:18.1.0] AndroidManifest.xml:12:13-37
45
46        <service
46-->[com.google.android.gms:play-services-cast-framework:18.1.0] AndroidManifest.xml:14:9-16:40
47            android:name="com.google.android.gms.cast.framework.media.MediaNotificationService"
47-->[com.google.android.gms:play-services-cast-framework:18.1.0] AndroidManifest.xml:15:13-96
48            android:exported="false" />
48-->[com.google.android.gms:play-services-cast-framework:18.1.0] AndroidManifest.xml:16:13-37
49        <service
49-->[com.google.android.gms:play-services-cast-framework:18.1.0] AndroidManifest.xml:17:9-19:40
50            android:name="com.google.android.gms.cast.framework.ReconnectionService"
50-->[com.google.android.gms:play-services-cast-framework:18.1.0] AndroidManifest.xml:18:13-85
51            android:exported="false" />
51-->[com.google.android.gms:play-services-cast-framework:18.1.0] AndroidManifest.xml:19:13-37
52
53        <activity
53-->[com.google.android.gms:play-services-base:17.1.0] AndroidManifest.xml:23:9-26:75
54            android:name="com.google.android.gms.common.api.GoogleApiActivity"
54-->[com.google.android.gms:play-services-base:17.1.0] AndroidManifest.xml:24:13-79
55            android:exported="false"
55-->[com.google.android.gms:play-services-base:17.1.0] AndroidManifest.xml:25:13-37
56            android:theme="@android:style/Theme.Translucent.NoTitleBar" />
56-->[com.google.android.gms:play-services-base:17.1.0] AndroidManifest.xml:26:13-72
57
58        <meta-data
58-->[com.google.android.gms:play-services-basement:17.1.0] AndroidManifest.xml:23:9-25:69
59            android:name="com.google.android.gms.version"
59-->[com.google.android.gms:play-services-basement:17.1.0] AndroidManifest.xml:24:13-58
60            android:value="@integer/google_play_services_version" />
60-->[com.google.android.gms:play-services-basement:17.1.0] AndroidManifest.xml:25:13-66
61
62        <service
62-->[com.google.android.datatransport:transport-backend-cct:2.1.0] AndroidManifest.xml:29:9-35:19
63            android:name="com.google.android.datatransport.runtime.backends.TransportBackendDiscovery"
63-->[com.google.android.datatransport:transport-backend-cct:2.1.0] AndroidManifest.xml:30:13-103
64            android:exported="false" >
64-->[com.google.android.datatransport:transport-backend-cct:2.1.0] AndroidManifest.xml:31:13-37
65            <meta-data
65-->[com.google.android.datatransport:transport-backend-cct:2.1.0] AndroidManifest.xml:32:13-34:39
66                android:name="backend:com.google.android.datatransport.cct.CctBackendFactory"
66-->[com.google.android.datatransport:transport-backend-cct:2.1.0] AndroidManifest.xml:33:17-94
67                android:value="cct" />
67-->[com.google.android.datatransport:transport-backend-cct:2.1.0] AndroidManifest.xml:34:17-36
68        </service>
69        <service
69-->[com.google.android.datatransport:transport-runtime:2.1.0] AndroidManifest.xml:26:9-30:19
70            android:name="com.google.android.datatransport.runtime.scheduling.jobscheduling.JobInfoSchedulerService"
70-->[com.google.android.datatransport:transport-runtime:2.1.0] AndroidManifest.xml:27:13-117
71            android:exported="false"
71-->[com.google.android.datatransport:transport-runtime:2.1.0] AndroidManifest.xml:28:13-37
72            android:permission="android.permission.BIND_JOB_SERVICE" >
72-->[com.google.android.datatransport:transport-runtime:2.1.0] AndroidManifest.xml:29:13-69
73        </service>
74
75        <receiver
75-->[com.google.android.datatransport:transport-runtime:2.1.0] AndroidManifest.xml:32:9-34:40
76            android:name="com.google.android.datatransport.runtime.scheduling.jobscheduling.AlarmManagerSchedulerBroadcastReceiver"
76-->[com.google.android.datatransport:transport-runtime:2.1.0] AndroidManifest.xml:33:13-132
77            android:exported="false" />
77-->[com.google.android.datatransport:transport-runtime:2.1.0] AndroidManifest.xml:34:13-37
78    </application>
79
80</manifest>